<?xml version="1.0" encoding="UTF-8"?>
<!-- Generated by org.testng.reporters.JUnitReportReporter -->
<testsuite skipped="0" hostname="DFWTC9R2" name="qa.testAuthoThon.com.AddVerifyAmazonTest" tests="1" failures="0" timestamp="17 Jun 2019 08:50:36 GMT" time="48.034" errors="0">
  <testcase name="AmazonFlowTest" time="48.034" classname="qa.testAuthoThon.com.AddVerifyAmazonTest"/>
</testsuite> <!-- qa.testAuthoThon.com.AddVerifyAmazonTest -->
